\BOOKMARK [0][-]{chapter*.1}{List Of Tables}{}% 1
\BOOKMARK [0][-]{chapter*.2}{List Of Figures}{}% 2
\BOOKMARK [0][-]{chapter.1}{Introduction}{}% 3
\BOOKMARK [1][-]{section.1.1}{Motivation}{chapter.1}% 4
\BOOKMARK [1][-]{section.1.2}{Aims and Objective}{chapter.1}% 5
\BOOKMARK [1][-]{section.1.3}{Structure}{chapter.1}% 6
\BOOKMARK [0][-]{chapter.2}{Review of Literature}{}% 7
\BOOKMARK [1][-]{section.2.1}{Motivation}{chapter.2}% 8
\BOOKMARK [1][-]{section.2.2}{Text Mining}{chapter.2}% 9
\BOOKMARK [1][-]{section.2.3}{Natural Language Processing \(NLP\)}{chapter.2}% 10
\BOOKMARK [0][-]{chapter.3}{Methodology}{}% 11
\BOOKMARK [1][-]{section.3.1}{Data Gathering}{chapter.3}% 12
\BOOKMARK [2][-]{subsection.3.1.1}{Qualitative Methods}{section.3.1}% 13
\BOOKMARK [2][-]{subsection.3.1.2}{Quantitative Methods}{section.3.1}% 14
\BOOKMARK [2][-]{subsection.3.1.3}{Quantitative Data Analysis}{section.3.1}% 15
\BOOKMARK [2][-]{subsection.3.1.4}{Data Collection Methods}{section.3.1}% 16
\BOOKMARK [1][-]{section.3.2}{Data Filtering}{chapter.3}% 17
\BOOKMARK [2][-]{subsection.3.2.1}{Process That Defines the Data Filtration}{section.3.2}% 18
\BOOKMARK [1][-]{section.3.3}{Sentiment Analysis}{chapter.3}% 19
\BOOKMARK [1][-]{section.3.4}{Implementation Environment}{chapter.3}% 20
\BOOKMARK [2][-]{subsection.3.4.1}{Anaconda Distribution for Python}{section.3.4}% 21
\BOOKMARK [2][-]{subsection.3.4.2}{Steps to Install Anaconda in Windows 10}{section.3.4}% 22
\BOOKMARK [2][-]{subsection.3.4.3}{Python Libraries}{section.3.4}% 23
\BOOKMARK [0][-]{chapter.4}{Results and Discussion}{}% 24
\BOOKMARK [1][-]{section.4.1}{Motivation}{chapter.4}% 25
\BOOKMARK [1][-]{section.4.2}{Aims and Objective}{chapter.4}% 26
\BOOKMARK [1][-]{section.4.3}{Structure}{chapter.4}% 27
\BOOKMARK [0][-]{chapter.5}{Summary}{}% 28
\BOOKMARK [1][-]{section.5.1}{Motivation}{chapter.5}% 29
\BOOKMARK [1][-]{section.5.2}{Aims and Objective}{chapter.5}% 30
\BOOKMARK [1][-]{section.5.3}{Structure}{chapter.5}% 31
\BOOKMARK [0][-]{chapter*.6}{APPENDIX}{}% 32
\BOOKMARK [0][-]{chapter*.6}{List of Publications}{}% 33
\BOOKMARK [0][-]{chapter*.6}{Curriculam-Vitae}{}% 34
